  Box.cpp
c:\users\user\documents\github\new folder\dragonfly-spawn-game\vs-2017\box.cpp(5): warning C4067: unexpected tokens following preprocessor directive - expected a newline
  Button.cpp
c:\users\user\documents\github\new folder\dragonfly-spawn-game\vs-2017\button.cpp(5): warning C4067: unexpected tokens following preprocessor directive - expected a newline
c:\users\user\documents\github\new folder\dragonfly-spawn-game\vs-2017\button.cpp(6): warning C4067: unexpected tokens following preprocessor directive - expected a newline
c:\users\user\documents\github\new folder\dragonfly-spawn-game\vs-2017\button.h(7): warning C4067: unexpected tokens following preprocessor directive - expected a newline
c:\users\user\documents\github\new folder\dragonfly-spawn-game\vs-2017\button.cpp(7): warning C4067: unexpected tokens following preprocessor directive - expected a newline
c:\users\user\documents\github\new folder\dragonfly-spawn-game\vs-2017\button.cpp(8): warning C4067: unexpected tokens following preprocessor directive - expected a newline
c:\users\user\documents\github\new folder\dragonfly-spawn-game\vs-2017\button.cpp(9): warning C4067: unexpected tokens following preprocessor directive - expected a newline
c:\users\user\documents\github\new folder\dragonfly-spawn-game\vs-2017\eventbutton.h(5): warning C4067: unexpected tokens following preprocessor directive - expected a newline
c:\users\user\documents\github\new folder\dragonfly-spawn-game\vs-2017\eventbutton.h(6): warning C4067: unexpected tokens following preprocessor directive - expected a newline
c:\users\user\documents\github\new folder\dragonfly-spawn-game\vs-2017\button.cpp(10): warning C4067: unexpected tokens following preprocessor directive - expected a newline
c:\users\user\documents\github\new folder\dragonfly-spawn-game\vs-2017\button.cpp(11): warning C4067: unexpected tokens following preprocessor directive - expected a newline
  Clock.cpp
c:\users\user\documents\github\new folder\dragonfly-spawn-game\vs-2017\clock.cpp(5): warning C4067: unexpected tokens following preprocessor directive - expected a newline
c:\users\user\documents\github\new folder\dragonfly-spawn-game\vs-2017\clock.cpp(6): warning C4067: unexpected tokens following preprocessor directive - expected a newline
  Cube.cpp
c:\users\user\documents\github\new folder\dragonfly-spawn-game\vs-2017\cube.h(5): warning C4067: unexpected tokens following preprocessor directive - expected a newline
c:\users\user\documents\github\new folder\dragonfly-spawn-game\vs-2017\cube.cpp(13): warning C4067: unexpected tokens following preprocessor directive - expected a newline
c:\users\user\documents\github\new folder\dragonfly-spawn-game\vs-2017\cube.cpp(14): warning C4067: unexpected tokens following preprocessor directive - expected a newline
c:\users\user\documents\github\new folder\dragonfly-spawn-game\vs-2017\cube.cpp(15): warning C4067: unexpected tokens following preprocessor directive - expected a newline
c:\users\user\documents\github\new folder\dragonfly-spawn-game\vs-2017\eventcubemove.h(5): warning C4067: unexpected tokens following preprocessor directive - expected a newline
c:\users\user\documents\github\new folder\dragonfly-spawn-game\vs-2017\cube.cpp(17): warning C4067: unexpected tokens following preprocessor directive - expected a newline
c:\users\user\documents\github\new folder\dragonfly-spawn-game\vs-2017\eventspike.h(5): warning C4067: unexpected tokens following preprocessor directive - expected a newline
c:\users\user\documents\github\new folder\dragonfly-spawn-game\vs-2017\cube.cpp(18): warning C4067: unexpected tokens following preprocessor directive - expected a newline
c:\users\user\documents\github\new folder\dragonfly-spawn-game\vs-2017\eventplayer.h(5): warning C4067: unexpected tokens following preprocessor directive - expected a newline
c:\users\user\documents\github\new folder\dragonfly-spawn-game\vs-2017\eventplayer.h(6): warning C4067: unexpected tokens following preprocessor directive - expected a newline
c:\users\user\documents\github\new folder\dragonfly-spawn-game\vs-2017\eventplayer.h(7): warning C4067: unexpected tokens following preprocessor directive - expected a newline
c:\users\user\documents\github\new folder\dragonfly-spawn-game\vs-2017\cube.cpp(19): warning C4067: unexpected tokens following preprocessor directive - expected a newline
c:\users\user\documents\github\new folder\dragonfly-spawn-game\vs-2017\cube.cpp(93): warning C4305: '-=': truncation from 'double' to 'float'
c:\users\user\documents\github\new folder\dragonfly-spawn-game\vs-2017\cube.cpp(99): warning C4305: '+=': truncation from 'double' to 'float'
c:\users\user\documents\github\new folder\dragonfly-spawn-game\vs-2017\cube.cpp(108): warning C4244: 'argument': conversion from 'float' to 'int', possible loss of data
c:\users\user\documents\github\new folder\dragonfly-spawn-game\vs-2017\cube.cpp(110): warning C4244: 'argument': conversion from 'float' to 'int', possible loss of data
c:\users\user\documents\github\new folder\dragonfly-spawn-game\vs-2017\cube.cpp(114): warning C4305: '+=': truncation from 'double' to 'float'
  DisplayManager.cpp
c:\users\user\documents\github\new folder\dragonfly-spawn-game\vs-2017\displaymanager.cpp(5): warning C4067: unexpected tokens following preprocessor directive - expected a newline
c:\users\user\documents\github\new folder\dragonfly-spawn-game\vs-2017\displaymanager.cpp(71): warning C4244: 'argument': conversion from 'float' to 'unsigned int', possible loss of data
c:\users\user\documents\github\new folder\dragonfly-spawn-game\vs-2017\displaymanager.cpp(73): warning C4244: 'argument': conversion from 'float' to 'unsigned int', possible loss of data
c:\users\user\documents\github\new folder\dragonfly-spawn-game\vs-2017\displaymanager.cpp(81): warning C4996: 'sf::Text::setColor': was declared deprecated
  c:\users\user\documents\github\new folder\dragonfly-spawn-game\vs-2017\sfml\include\sfml\graphics\text.hpp(210): note: see declaration of 'sf::Text::setColor'
c:\users\user\documents\github\new folder\dragonfly-spawn-game\vs-2017\displaymanager.cpp(84): warning C4996: 'sf::Text::setColor': was declared deprecated
  c:\users\user\documents\github\new folder\dragonfly-spawn-game\vs-2017\sfml\include\sfml\graphics\text.hpp(210): note: see declaration of 'sf::Text::setColor'
c:\users\user\documents\github\new folder\dragonfly-spawn-game\vs-2017\displaymanager.cpp(87): warning C4996: 'sf::Text::setColor': was declared deprecated
  c:\users\user\documents\github\new folder\dragonfly-spawn-game\vs-2017\sfml\include\sfml\graphics\text.hpp(210): note: see declaration of 'sf::Text::setColor'
c:\users\user\documents\github\new folder\dragonfly-spawn-game\vs-2017\displaymanager.cpp(90): warning C4996: 'sf::Text::setColor': was declared deprecated
  c:\users\user\documents\github\new folder\dragonfly-spawn-game\vs-2017\sfml\include\sfml\graphics\text.hpp(210): note: see declaration of 'sf::Text::setColor'
c:\users\user\documents\github\new folder\dragonfly-spawn-game\vs-2017\displaymanager.cpp(93): warning C4996: 'sf::Text::setColor': was declared deprecated
  c:\users\user\documents\github\new folder\dragonfly-spawn-game\vs-2017\sfml\include\sfml\graphics\text.hpp(210): note: see declaration of 'sf::Text::setColor'
c:\users\user\documents\github\new folder\dragonfly-spawn-game\vs-2017\displaymanager.cpp(96): warning C4996: 'sf::Text::setColor': was declared deprecated
  c:\users\user\documents\github\new folder\dragonfly-spawn-game\vs-2017\sfml\include\sfml\graphics\text.hpp(210): note: see declaration of 'sf::Text::setColor'
c:\users\user\documents\github\new folder\dragonfly-spawn-game\vs-2017\displaymanager.cpp(99): warning C4996: 'sf::Text::setColor': was declared deprecated
  c:\users\user\documents\github\new folder\dragonfly-spawn-game\vs-2017\sfml\include\sfml\graphics\text.hpp(210): note: see declaration of 'sf::Text::setColor'
c:\users\user\documents\github\new folder\dragonfly-spawn-game\vs-2017\displaymanager.cpp(102): warning C4996: 'sf::Text::setColor': was declared deprecated
  c:\users\user\documents\github\new folder\dragonfly-spawn-game\vs-2017\sfml\include\sfml\graphics\text.hpp(210): note: see declaration of 'sf::Text::setColor'
c:\users\user\documents\github\new folder\dragonfly-spawn-game\vs-2017\displaymanager.cpp(144): warning C4244: 'argument': conversion from 'float' to 'unsigned int', possible loss of data
c:\users\user\documents\github\new folder\dragonfly-spawn-game\vs-2017\displaymanager.cpp(146): warning C4244: 'argument': conversion from 'float' to 'unsigned int', possible loss of data
c:\users\user\documents\github\new folder\dragonfly-spawn-game\vs-2017\displaymanager.cpp(149): warning C4996: 'sf::Text::setColor': was declared deprecated
  c:\users\user\documents\github\new folder\dragonfly-spawn-game\vs-2017\sfml\include\sfml\graphics\text.hpp(210): note: see declaration of 'sf::Text::setColor'
  Event.cpp
c:\users\user\documents\github\new folder\dragonfly-spawn-game\vs-2017\event.cpp(5): warning C4067: unexpected tokens following preprocessor directive - expected a newline
  EventButton.cpp
c:\users\user\documents\github\new folder\dragonfly-spawn-game\vs-2017\eventbutton.cpp(5): warning C4067: unexpected tokens following preprocessor directive - expected a newline
c:\users\user\documents\github\new folder\dragonfly-spawn-game\vs-2017\eventbutton.h(5): warning C4067: unexpected tokens following preprocessor directive - expected a newline
c:\users\user\documents\github\new folder\dragonfly-spawn-game\vs-2017\eventbutton.h(6): warning C4067: unexpected tokens following preprocessor directive - expected a newline
  EventCollision.cpp
c:\users\user\documents\github\new folder\dragonfly-spawn-game\vs-2017\eventcollision.cpp(5): warning C4067: unexpected tokens following preprocessor directive - expected a newline
  EventCubeMove.cpp
c:\users\user\documents\github\new folder\dragonfly-spawn-game\vs-2017\eventcubemove.cpp(5): warning C4067: unexpected tokens following preprocessor directive - expected a newline
c:\users\user\documents\github\new folder\dragonfly-spawn-game\vs-2017\eventcubemove.h(5): warning C4067: unexpected tokens following preprocessor directive - expected a newline
  EventKeyboard.cpp
c:\users\user\documents\github\new folder\dragonfly-spawn-game\vs-2017\eventkeyboard.cpp(5): warning C4067: unexpected tokens following preprocessor directive - expected a newline
  EventMouse.cpp
c:\users\user\documents\github\new folder\dragonfly-spawn-game\vs-2017\eventmouse.cpp(5): warning C4067: unexpected tokens following preprocessor directive - expected a newline
  EventOut.cpp
c:\users\user\documents\github\new folder\dragonfly-spawn-game\vs-2017\eventout.cpp(5): warning C4067: unexpected tokens following preprocessor directive - expected a newline
  EventPlayer.cpp
c:\users\user\documents\github\new folder\dragonfly-spawn-game\vs-2017\eventplayer.cpp(5): warning C4067: unexpected tokens following preprocessor directive - expected a newline
c:\users\user\documents\github\new folder\dragonfly-spawn-game\vs-2017\eventplayer.h(5): warning C4067: unexpected tokens following preprocessor directive - expected a newline
c:\users\user\documents\github\new folder\dragonfly-spawn-game\vs-2017\eventplayer.h(6): warning C4067: unexpected tokens following preprocessor directive - expected a newline
c:\users\user\documents\github\new folder\dragonfly-spawn-game\vs-2017\eventplayer.h(7): warning C4067: unexpected tokens following preprocessor directive - expected a newline
  EventSpike.cpp
c:\users\user\documents\github\new folder\dragonfly-spawn-game\vs-2017\eventspike.h(5): warning C4067: unexpected tokens following preprocessor directive - expected a newline
  EventStep.cpp
  EventView.cpp
c:\users\user\documents\github\new folder\dragonfly-spawn-game\vs-2017\eventview.cpp(5): warning C4067: unexpected tokens following preprocessor directive - expected a newline
  Frame.cpp
c:\users\user\documents\github\new folder\dragonfly-spawn-game\vs-2017\frame.cpp(5): warning C4067: unexpected tokens following preprocessor directive - expected a newline
  game.cpp
c:\users\user\documents\github\new folder\dragonfly-spawn-game\vs-2017\levelparser.h(13): warning C4067: unexpected tokens following preprocessor directive - expected a newline
c:\users\user\documents\github\new folder\dragonfly-spawn-game\vs-2017\levelparser.h(17): warning C4067: unexpected tokens following preprocessor directive - expected a newline
c:\users\user\documents\github\new folder\dragonfly-spawn-game\vs-2017\player.h(8): warning C4067: unexpected tokens following preprocessor directive - expected a newline
c:\users\user\documents\github\new folder\dragonfly-spawn-game\vs-2017\player.h(10): warning C4305: 'initializing': truncation from 'double' to 'float'
c:\users\user\documents\github\new folder\dragonfly-spawn-game\vs-2017\player.h(11): warning C4305: 'initializing': truncation from 'double' to 'float'
c:\users\user\documents\github\new folder\dragonfly-spawn-game\vs-2017\player.h(12): warning C4305: 'initializing': truncation from 'double' to 'float'
c:\users\user\documents\github\new folder\dragonfly-spawn-game\vs-2017\player.h(13): warning C4305: 'initializing': truncation from 'double' to 'float'
c:\users\user\documents\github\new folder\dragonfly-spawn-game\vs-2017\levelparser.h(18): warning C4067: unexpected tokens following preprocessor directive - expected a newline
c:\users\user\documents\github\new folder\dragonfly-spawn-game\vs-2017\exit.h(6): warning C4067: unexpected tokens following preprocessor directive - expected a newline
c:\users\user\documents\github\new folder\dragonfly-spawn-game\vs-2017\exit.h(7): warning C4067: unexpected tokens following preprocessor directive - expected a newline
c:\users\user\documents\github\new folder\dragonfly-spawn-game\vs-2017\game.cpp(11): warning C4067: unexpected tokens following preprocessor directive - expected a newline
c:\users\user\documents\github\new folder\dragonfly-spawn-game\vs-2017\game.cpp(12): warning C4067: unexpected tokens following preprocessor directive - expected a newline
c:\users\user\documents\github\new folder\dragonfly-spawn-game\vs-2017\spike.h(5): warning C4067: unexpected tokens following preprocessor directive - expected a newline
c:\users\user\documents\github\new folder\dragonfly-spawn-game\vs-2017\spike.h(6): warning C4067: unexpected tokens following preprocessor directive - expected a newline
c:\users\user\documents\github\new folder\dragonfly-spawn-game\vs-2017\game.cpp(13): warning C4067: unexpected tokens following preprocessor directive - expected a newline
c:\users\user\documents\github\new folder\dragonfly-spawn-game\vs-2017\cube.h(5): warning C4067: unexpected tokens following preprocessor directive - expected a newline
c:\users\user\documents\github\new folder\dragonfly-spawn-game\vs-2017\game.cpp(14): warning C4067: unexpected tokens following preprocessor directive - expected a newline
c:\users\user\documents\github\new folder\dragonfly-spawn-game\vs-2017\button.h(7): warning C4067: unexpected tokens following preprocessor directive - expected a newline
c:\users\user\documents\github\new folder\dragonfly-spawn-game\vs-2017\game.cpp(15): warning C4067: unexpected tokens following preprocessor directive - expected a newline
  GameManager.cpp
c:\users\user\documents\github\new folder\dragonfly-spawn-game\vs-2017\gamemanager.cpp(6): warning C4067: unexpected tokens following preprocessor directive - expected a newline
c:\users\user\documents\github\new folder\dragonfly-spawn-game\vs-2017\gamemanager.cpp(7): warning C4067: unexpected tokens following preprocessor directive - expected a newline
c:\users\user\documents\github\new folder\dragonfly-spawn-game\vs-2017\gamemanager.cpp(8): warning C4067: unexpected tokens following preprocessor directive - expected a newline
c:\users\user\documents\github\new folder\dragonfly-spawn-game\vs-2017\gamemanager.cpp(9): warning C4067: unexpected tokens following preprocessor directive - expected a newline
c:\users\user\documents\github\new folder\dragonfly-spawn-game\vs-2017\gamemanager.cpp(10): warning C4067: unexpected tokens following preprocessor directive - expected a newline
c:\users\user\documents\github\new folder\dragonfly-spawn-game\vs-2017\gamemanager.cpp(11): warning C4067: unexpected tokens following preprocessor directive - expected a newline
c:\users\user\documents\github\new folder\dragonfly-spawn-game\vs-2017\gamemanager.cpp(12): warning C4067: unexpected tokens following preprocessor directive - expected a newline
  InputManager.cpp
c:\users\user\documents\github\new folder\dragonfly-spawn-game\vs-2017\inputmanager.cpp(5): warning C4067: unexpected tokens following preprocessor directive - expected a newline
c:\users\user\documents\github\new folder\dragonfly-spawn-game\vs-2017\inputmanager.cpp(7): warning C4067: unexpected tokens following preprocessor directive - expected a newline
c:\users\user\documents\github\new folder\dragonfly-spawn-game\vs-2017\inputmanager.cpp(8): warning C4067: unexpected tokens following preprocessor directive - expected a newline
c:\users\user\documents\github\new folder\dragonfly-spawn-game\vs-2017\inputmanager.cpp(9): warning C4067: unexpected tokens following preprocessor directive - expected a newline
  Generating Code...
c:\users\user\documents\github\new folder\dragonfly-spawn-game\vs-2017\displaymanager.cpp(37): warning C4715: 'df::DisplayManager::startUp': not all control paths return a value
  Compiling...
  LevelParser.cpp
c:\users\user\documents\github\new folder\dragonfly-spawn-game\vs-2017\levelparser.h(13): warning C4067: unexpected tokens following preprocessor directive - expected a newline
c:\users\user\documents\github\new folder\dragonfly-spawn-game\vs-2017\levelparser.h(17): warning C4067: unexpected tokens following preprocessor directive - expected a newline
c:\users\user\documents\github\new folder\dragonfly-spawn-game\vs-2017\player.h(8): warning C4067: unexpected tokens following preprocessor directive - expected a newline
c:\users\user\documents\github\new folder\dragonfly-spawn-game\vs-2017\player.h(10): warning C4305: 'initializing': truncation from 'double' to 'float'
c:\users\user\documents\github\new folder\dragonfly-spawn-game\vs-2017\player.h(11): warning C4305: 'initializing': truncation from 'double' to 'float'
c:\users\user\documents\github\new folder\dragonfly-spawn-game\vs-2017\player.h(12): warning C4305: 'initializing': truncation from 'double' to 'float'
c:\users\user\documents\github\new folder\dragonfly-spawn-game\vs-2017\player.h(13): warning C4305: 'initializing': truncation from 'double' to 'float'
c:\users\user\documents\github\new folder\dragonfly-spawn-game\vs-2017\levelparser.h(18): warning C4067: unexpected tokens following preprocessor directive - expected a newline
c:\users\user\documents\github\new folder\dragonfly-spawn-game\vs-2017\exit.h(6): warning C4067: unexpected tokens following preprocessor directive - expected a newline
c:\users\user\documents\github\new folder\dragonfly-spawn-game\vs-2017\exit.h(7): warning C4067: unexpected tokens following preprocessor directive - expected a newline
c:\users\user\documents\github\new folder\dragonfly-spawn-game\vs-2017\levelparser.cpp(10): warning C4067: unexpected tokens following preprocessor directive - expected a newline
c:\users\user\documents\github\new folder\dragonfly-spawn-game\vs-2017\levelparser.cpp(12): warning C4067: unexpected tokens following preprocessor directive - expected a newline
c:\users\user\documents\github\new folder\dragonfly-spawn-game\vs-2017\eventfirstlevel.h(6): warning C4067: unexpected tokens following preprocessor directive - expected a newline
c:\users\user\documents\github\new folder\dragonfly-spawn-game\vs-2017\levelparser.cpp(13): warning C4067: unexpected tokens following preprocessor directive - expected a newline
c:\users\user\documents\github\new folder\dragonfly-spawn-game\vs-2017\eventreload.h(6): warning C4067: unexpected tokens following preprocessor directive - expected a newline
c:\users\user\documents\github\new folder\dragonfly-spawn-game\vs-2017\levelparser.cpp(14): warning C4067: unexpected tokens following preprocessor directive - expected a newline
c:\users\user\documents\github\new folder\dragonfly-spawn-game\vs-2017\eventnextlevel.h(6): warning C4067: unexpected tokens following preprocessor directive - expected a newline
c:\users\user\documents\github\new folder\dragonfly-spawn-game\vs-2017\button.h(7): warning C4067: unexpected tokens following preprocessor directive - expected a newline
c:\users\user\documents\github\new folder\dragonfly-spawn-game\vs-2017\cube.h(5): warning C4067: unexpected tokens following preprocessor directive - expected a newline
c:\users\user\documents\github\new folder\dragonfly-spawn-game\vs-2017\spike.h(5): warning C4067: unexpected tokens following preprocessor directive - expected a newline
c:\users\user\documents\github\new folder\dragonfly-spawn-game\vs-2017\spike.h(6): warning C4067: unexpected tokens following preprocessor directive - expected a newline
c:\users\user\documents\github\new folder\dragonfly-spawn-game\vs-2017\levelparser.cpp(19): warning C4067: unexpected tokens following preprocessor directive - expected a newline
c:\users\user\documents\github\new folder\dragonfly-spawn-game\vs-2017\levelparser.cpp(20): warning C4067: unexpected tokens following preprocessor directive - expected a newline
c:\users\user\documents\github\new folder\dragonfly-spawn-game\vs-2017\levelparser.cpp(21): warning C4067: unexpected tokens following preprocessor directive - expected a newline
c:\users\user\documents\github\new folder\dragonfly-spawn-game\vs-2017\spring.h(5): warning C4067: unexpected tokens following preprocessor directive - expected a newline
c:\users\user\documents\github\new folder\dragonfly-spawn-game\vs-2017\belt.h(5): warning C4067: unexpected tokens following preprocessor directive - expected a newline
c:\users\user\documents\github\new folder\dragonfly-spawn-game\vs-2017\levelparser.cpp(24): warning C4067: unexpected tokens following preprocessor directive - expected a newline
c:\users\user\documents\github\new folder\dragonfly-spawn-game\vs-2017\gunenemy.h(5): warning C4067: unexpected tokens following preprocessor directive - expected a newline
c:\users\user\documents\github\new folder\dragonfly-spawn-game\vs-2017\bullet.h(6): warning C4067: unexpected tokens following preprocessor directive - expected a newline
c:\users\user\documents\github\new folder\dragonfly-spawn-game\vs-2017\levelparser.cpp(25): warning C4067: unexpected tokens following preprocessor directive - expected a newline
c:\users\user\documents\github\new folder\dragonfly-spawn-game\vs-2017\levelparser.cpp(26): warning C4067: unexpected tokens following preprocessor directive - expected a newline
c:\users\user\documents\github\new folder\dragonfly-spawn-game\vs-2017\levelparser.cpp(134): warning C4244: 'argument': conversion from 'int' to 'float', possible loss of data
c:\users\user\documents\github\new folder\dragonfly-spawn-game\vs-2017\levelparser.cpp(135): warning C4244: 'argument': conversion from 'int' to 'float', possible loss of data
c:\users\user\documents\github\new folder\dragonfly-spawn-game\vs-2017\levelparser.cpp(221): warning C4244: 'argument': conversion from 'int' to 'float', possible loss of data
c:\users\user\documents\github\new folder\dragonfly-spawn-game\vs-2017\levelparser.cpp(232): warning C4244: 'argument': conversion from 'int' to 'float', possible loss of data
c:\users\user\documents\github\new folder\dragonfly-spawn-game\vs-2017\levelparser.cpp(277): warning C4244: 'argument': conversion from 'int' to 'float', possible loss of data
c:\users\user\documents\github\new folder\dragonfly-spawn-game\vs-2017\levelparser.cpp(283): warning C4244: 'argument': conversion from 'int' to 'float', possible loss of data
  LogManager.cpp
c:\users\user\documents\github\new folder\dragonfly-spawn-game\vs-2017\logmanager.cpp(5): warning C4067: unexpected tokens following preprocessor directive - expected a newline
c:\users\user\documents\github\new folder\dragonfly-spawn-game\vs-2017\logmanager.cpp(6): warning C4067: unexpected tokens following preprocessor directive - expected a newline
c:\users\user\documents\github\new folder\dragonfly-spawn-game\vs-2017\logmanager.cpp(7): warning C4067: unexpected tokens following preprocessor directive - expected a newline
c:\users\user\documents\github\new folder\dragonfly-spawn-game\vs-2017\logmanager.cpp(8): warning C4067: unexpected tokens following preprocessor directive - expected a newline
c:\users\user\documents\github\new folder\dragonfly-spawn-game\vs-2017\logmanager.cpp(28): warning C4996: 'fopen': This function or variable may be unsafe. Consider using fopen_s instead. To disable deprecation, use _CRT_SECURE_NO_WARNINGS. See online help for details.
  c:\program files (x86)\windows kits\10\include\10.0.16299.0\ucrt\stdio.h(207): note: see declaration of 'fopen'
  LvlBoxList.cpp
  LvlBoxListIterator.cpp
  Manager.cpp
c:\users\user\documents\github\new folder\dragonfly-spawn-game\vs-2017\manager.cpp(5): warning C4067: unexpected tokens following preprocessor directive - expected a newline
c:\users\user\documents\github\new folder\dragonfly-spawn-game\vs-2017\manager.cpp(6): warning C4067: unexpected tokens following preprocessor directive - expected a newline
c:\users\user\documents\github\new folder\dragonfly-spawn-game\vs-2017\manager.cpp(7): warning C4067: unexpected tokens following preprocessor directive - expected a newline
c:\users\user\documents\github\new folder\dragonfly-spawn-game\vs-2017\manager.cpp(8): warning C4067: unexpected tokens following preprocessor directive - expected a newline
  Music.cpp
c:\users\user\documents\github\new folder\dragonfly-spawn-game\vs-2017\music.cpp(5): warning C4067: unexpected tokens following preprocessor directive - expected a newline
  Object.cpp
c:\users\user\documents\github\new folder\dragonfly-spawn-game\vs-2017\object.cpp(7): warning C4067: unexpected tokens following preprocessor directive - expected a newline
c:\users\user\documents\github\new folder\dragonfly-spawn-game\vs-2017\object.cpp(8): warning C4067: unexpected tokens following preprocessor directive - expected a newline
c:\users\user\documents\github\new folder\dragonfly-spawn-game\vs-2017\object.cpp(9): warning C4067: unexpected tokens following preprocessor directive - expected a newline
  ObjectList.cpp
  ObjectListIterator.cpp
  Player.cpp
c:\users\user\documents\github\new folder\dragonfly-spawn-game\vs-2017\player.h(8): warning C4067: unexpected tokens following preprocessor directive - expected a newline
c:\users\user\documents\github\new folder\dragonfly-spawn-game\vs-2017\player.h(10): warning C4305: 'initializing': truncation from 'double' to 'float'
c:\users\user\documents\github\new folder\dragonfly-spawn-game\vs-2017\player.h(11): warning C4305: 'initializing': truncation from 'double' to 'float'
c:\users\user\documents\github\new folder\dragonfly-spawn-game\vs-2017\player.h(12): warning C4305: 'initializing': truncation from 'double' to 'float'
c:\users\user\documents\github\new folder\dragonfly-spawn-game\vs-2017\player.h(13): warning C4305: 'initializing': truncation from 'double' to 'float'
c:\users\user\documents\github\new folder\dragonfly-spawn-game\vs-2017\player.cpp(14): warning C4067: unexpected tokens following preprocessor directive - expected a newline
c:\users\user\documents\github\new folder\dragonfly-spawn-game\vs-2017\player.cpp(15): warning C4067: unexpected tokens following preprocessor directive - expected a newline
c:\users\user\documents\github\new folder\dragonfly-spawn-game\vs-2017\player.cpp(16): warning C4067: unexpected tokens following preprocessor directive - expected a newline
c:\users\user\documents\github\new folder\dragonfly-spawn-game\vs-2017\player.cpp(17): warning C4067: unexpected tokens following preprocessor directive - expected a newline
c:\users\user\documents\github\new folder\dragonfly-spawn-game\vs-2017\eventspike.h(5): warning C4067: unexpected tokens following preprocessor directive - expected a newline
c:\users\user\documents\github\new folder\dragonfly-spawn-game\vs-2017\player.cpp(18): warning C4067: unexpected tokens following preprocessor directive - expected a newline
c:\users\user\documents\github\new folder\dragonfly-spawn-game\vs-2017\eventcubemove.h(5): warning C4067: unexpected tokens following preprocessor directive - expected a newline
c:\users\user\documents\github\new folder\dragonfly-spawn-game\vs-2017\player.cpp(19): warning C4067: unexpected tokens following preprocessor directive - expected a newline
c:\users\user\documents\github\new folder\dragonfly-spawn-game\vs-2017\player.cpp(20): warning C4067: unexpected tokens following preprocessor directive - expected a newline
c:\users\user\documents\github\new folder\dragonfly-spawn-game\vs-2017\eventplayer.h(5): warning C4067: unexpected tokens following preprocessor directive - expected a newline
c:\users\user\documents\github\new folder\dragonfly-spawn-game\vs-2017\eventplayer.h(6): warning C4067: unexpected tokens following preprocessor directive - expected a newline
c:\users\user\documents\github\new folder\dragonfly-spawn-game\vs-2017\eventplayer.h(7): warning C4067: unexpected tokens following preprocessor directive - expected a newline
c:\users\user\documents\github\new folder\dragonfly-spawn-game\vs-2017\player.cpp(21): warning C4067: unexpected tokens following preprocessor directive - expected a newline
c:\users\user\documents\github\new folder\dragonfly-spawn-game\vs-2017\eventfirstlevel.h(6): warning C4067: unexpected tokens following preprocessor directive - expected a newline
c:\users\user\documents\github\new folder\dragonfly-spawn-game\vs-2017\player.cpp(22): warning C4067: unexpected tokens following preprocessor directive - expected a newline
c:\users\user\documents\github\new folder\dragonfly-spawn-game\vs-2017\eventnextlevel.h(6): warning C4067: unexpected tokens following preprocessor directive - expected a newline
c:\users\user\documents\github\new folder\dragonfly-spawn-game\vs-2017\player.cpp(23): warning C4067: unexpected tokens following preprocessor directive - expected a newline
c:\users\user\documents\github\new folder\dragonfly-spawn-game\vs-2017\eventreload.h(6): warning C4067: unexpected tokens following preprocessor directive - expected a newline
c:\users\user\documents\github\new folder\dragonfly-spawn-game\vs-2017\player.cpp(96): warning C4244: 'argument': conversion from 'double' to 'float', possible loss of data
c:\users\user\documents\github\new folder\dragonfly-spawn-game\vs-2017\player.cpp(107): warning C4244: 'argument': conversion from 'double' to 'float', possible loss of data
c:\users\user\documents\github\new folder\dragonfly-spawn-game\vs-2017\player.cpp(119): warning C4244: 'argument': conversion from 'double' to 'float', possible loss of data
c:\users\user\documents\github\new folder\dragonfly-spawn-game\vs-2017\player.cpp(129): warning C4244: 'argument': conversion from 'double' to 'float', possible loss of data
c:\users\user\documents\github\new folder\dragonfly-spawn-game\vs-2017\player.cpp(180): warning C4305: '=': truncation from 'double' to 'float'
c:\users\user\documents\github\new folder\dragonfly-spawn-game\vs-2017\player.cpp(269): warning C4244: 'argument': conversion from 'float' to 'int', possible loss of data
c:\users\user\documents\github\new folder\dragonfly-spawn-game\vs-2017\player.cpp(271): warning C4244: 'argument': conversion from 'float' to 'int', possible loss of data
  ResourceManager.cpp
c:\users\user\documents\github\new folder\dragonfly-spawn-game\vs-2017\resourcemanager.cpp(5): warning C4067: unexpected tokens following preprocessor directive - expected a newline
c:\users\user\documents\github\new folder\dragonfly-spawn-game\vs-2017\resourcemanager.cpp(6): warning C4067: unexpected tokens following preprocessor directive - expected a newline
c:\users\user\documents\github\new folder\dragonfly-spawn-game\vs-2017\resourcemanager.cpp(7): warning C4067: unexpected tokens following preprocessor directive - expected a newline
c:\users\user\documents\github\new folder\dragonfly-spawn-game\vs-2017\resourcemanager.cpp(8): warning C4067: unexpected tokens following preprocessor directive - expected a newline
c:\users\user\documents\github\new folder\dragonfly-spawn-game\vs-2017\resourcemanager.cpp(9): warning C4067: unexpected tokens following preprocessor directive - expected a newline
c:\users\user\documents\github\new folder\dragonfly-spawn-game\vs-2017\resourcemanager.cpp(10): warning C4067: unexpected tokens following preprocessor directive - expected a newline
c:\users\user\documents\github\new folder\dragonfly-spawn-game\vs-2017\resourcemanager.cpp(11): warning C4067: unexpected tokens following preprocessor directive - expected a newline
c:\users\user\documents\github\new folder\dragonfly-spawn-game\vs-2017\resourcemanager.cpp(12): warning C4067: unexpected tokens following preprocessor directive - expected a newline
  Sound.cpp
c:\users\user\documents\github\new folder\dragonfly-spawn-game\vs-2017\sound.cpp(5): warning C4067: unexpected tokens following preprocessor directive - expected a newline
  Spike.cpp
c:\users\user\documents\github\new folder\dragonfly-spawn-game\vs-2017\spike.cpp(7): warning C4067: unexpected tokens following preprocessor directive - expected a newline
c:\users\user\documents\github\new folder\dragonfly-spawn-game\vs-2017\eventspike.h(5): warning C4067: unexpected tokens following preprocessor directive - expected a newline
c:\users\user\documents\github\new folder\dragonfly-spawn-game\vs-2017\spike.cpp(8): warning C4067: unexpected tokens following preprocessor directive - expected a newline
c:\users\user\documents\github\new folder\dragonfly-spawn-game\vs-2017\spike.h(5): warning C4067: unexpected tokens following preprocessor directive - expected a newline
c:\users\user\documents\github\new folder\dragonfly-spawn-game\vs-2017\spike.h(6): warning C4067: unexpected tokens following preprocessor directive - expected a newline
c:\users\user\documents\github\new folder\dragonfly-spawn-game\vs-2017\spike.cpp(10): warning C4067: unexpected tokens following preprocessor directive - expected a newline
c:\users\user\documents\github\new folder\dragonfly-spawn-game\vs-2017\player.h(8): warning C4067: unexpected tokens following preprocessor directive - expected a newline
c:\users\user\documents\github\new folder\dragonfly-spawn-game\vs-2017\player.h(10): warning C4305: 'initializing': truncation from 'double' to 'float'
c:\users\user\documents\github\new folder\dragonfly-spawn-game\vs-2017\player.h(11): warning C4305: 'initializing': truncation from 'double' to 'float'
c:\users\user\documents\github\new folder\dragonfly-spawn-game\vs-2017\player.h(12): warning C4305: 'initializing': truncation from 'double' to 'float'
c:\users\user\documents\github\new folder\dragonfly-spawn-game\vs-2017\player.h(13): warning C4305: 'initializing': truncation from 'double' to 'float'
c:\users\user\documents\github\new folder\dragonfly-spawn-game\vs-2017\spike.cpp(11): warning C4067: unexpected tokens following preprocessor directive - expected a newline
c:\users\user\documents\github\new folder\dragonfly-spawn-game\vs-2017\spike.cpp(12): warning C4067: unexpected tokens following preprocessor directive - expected a newline
c:\users\user\documents\github\new folder\dragonfly-spawn-game\vs-2017\spike.cpp(13): warning C4067: unexpected tokens following preprocessor directive - expected a newline
c:\users\user\documents\github\new folder\dragonfly-spawn-game\vs-2017\eventbutton.h(5): warning C4067: unexpected tokens following preprocessor directive - expected a newline
c:\users\user\documents\github\new folder\dragonfly-spawn-game\vs-2017\eventbutton.h(6): warning C4067: unexpected tokens following preprocessor directive - expected a newline
c:\users\user\documents\github\new folder\dragonfly-spawn-game\vs-2017\spike.cpp(14): warning C4067: unexpected tokens following preprocessor directive - expected a newline
  Sprite.cpp
c:\users\user\documents\github\new folder\dragonfly-spawn-game\vs-2017\sprite.cpp(5): warning C4067: unexpected tokens following preprocessor directive - expected a newline
  utility.cpp
c:\users\user\documents\github\new folder\dragonfly-spawn-game\vs-2017\utility.cpp(15): warning C4996: 'localtime': This function or variable may be unsafe. Consider using localtime_s instead. To disable deprecation, use _CRT_SECURE_NO_WARNINGS. See online help for details.
  c:\program files (x86)\windows kits\10\include\10.0.16299.0\ucrt\time.h(505): note: see declaration of 'localtime'
c:\users\user\documents\github\new folder\dragonfly-spawn-game\vs-2017\utility.cpp(17): warning C4996: 'sprintf': This function or variable may be unsafe. Consider using sprintf_s instead. To disable deprecation, use _CRT_SECURE_NO_WARNINGS. See online help for details.
  c:\program files (x86)\windows kits\10\include\10.0.16299.0\ucrt\stdio.h(1772): note: see declaration of 'sprintf'
c:\users\user\documents\github\new folder\dragonfly-spawn-game\vs-2017\utility.cpp(77): warning C4804: '<=': unsafe use of type 'bool' in operation
  Vector.cpp
c:\users\user\documents\github\new folder\dragonfly-spawn-game\vs-2017\vector.cpp(5): warning C4067: unexpected tokens following preprocessor directive - expected a newline
c:\users\user\documents\github\new folder\dragonfly-spawn-game\vs-2017\vector.cpp(6): warning C4067: unexpected tokens following preprocessor directive - expected a newline
c:\users\user\documents\github\new folder\dragonfly-spawn-game\vs-2017\vector.cpp(63): warning C4244: 'initializing': conversion from 'double' to 'float', possible loss of data
  VectorList.cpp
  VectorListIterator.cpp
  ViewObject.cpp
c:\users\user\documents\github\new folder\dragonfly-spawn-game\vs-2017\viewobject.cpp(5): warning C4067: unexpected tokens following preprocessor directive - expected a newline
c:\users\user\documents\github\new folder\dragonfly-spawn-game\vs-2017\viewobject.cpp(6): warning C4067: unexpected tokens following preprocessor directive - expected a newline
c:\users\user\documents\github\new folder\dragonfly-spawn-game\vs-2017\viewobject.cpp(7): warning C4067: unexpected tokens following preprocessor directive - expected a newline
c:\users\user\documents\github\new folder\dragonfly-spawn-game\vs-2017\viewobject.cpp(8): warning C4067: unexpected tokens following preprocessor directive - expected a newline
c:\users\user\documents\github\new folder\dragonfly-spawn-game\vs-2017\viewobject.cpp(9): warning C4067: unexpected tokens following preprocessor directive - expected a newline
c:\users\user\documents\github\new folder\dragonfly-spawn-game\vs-2017\viewobject.cpp(10): warning C4067: unexpected tokens following preprocessor directive - expected a newline
c:\users\user\documents\github\new folder\dragonfly-spawn-game\vs-2017\viewobject.cpp(50): warning C4244: 'argument': conversion from 'double' to 'float', possible loss of data
c:\users\user\documents\github\new folder\dragonfly-spawn-game\vs-2017\viewobject.cpp(51): warning C4244: 'argument': conversion from 'double' to 'float', possible loss of data
c:\users\user\documents\github\new folder\dragonfly-spawn-game\vs-2017\viewobject.cpp(54): warning C4267: 'initializing': conversion from 'size_t' to 'int', possible loss of data
c:\users\user\documents\github\new folder\dragonfly-spawn-game\vs-2017\viewobject.cpp(94): warning C4244: 'argument': conversion from 'double' to 'float', possible loss of data
c:\users\user\documents\github\new folder\dragonfly-spawn-game\vs-2017\viewobject.cpp(99): warning C4244: 'argument': conversion from 'double' to 'float', possible loss of data
c:\users\user\documents\github\new folder\dragonfly-spawn-game\vs-2017\viewobject.cpp(104): warning C4244: 'argument': conversion from 'double' to 'float', possible loss of data
c:\users\user\documents\github\new folder\dragonfly-spawn-game\vs-2017\viewobject.cpp(109): warning C4244: 'argument': conversion from 'double' to 'float', possible loss of data
c:\users\user\documents\github\new folder\dragonfly-spawn-game\vs-2017\viewobject.cpp(114): warning C4244: 'argument': conversion from 'double' to 'float', possible loss of data
c:\users\user\documents\github\new folder\dragonfly-spawn-game\vs-2017\viewobject.cpp(119): warning C4244: 'argument': conversion from 'double' to 'float', possible loss of data
c:\users\user\documents\github\new folder\dragonfly-spawn-game\vs-2017\viewobject.cpp(124): warning C4244: 'argument': conversion from 'double' to 'float', possible loss of data
c:\users\user\documents\github\new folder\dragonfly-spawn-game\vs-2017\viewobject.cpp(129): warning C4244: 'argument': conversion from 'double' to 'float', possible loss of data
c:\users\user\documents\github\new folder\dragonfly-spawn-game\vs-2017\viewobject.cpp(134): warning C4244: 'argument': conversion from 'double' to 'float', possible loss of data
  WorldManager.cpp
c:\users\user\documents\github\new folder\dragonfly-spawn-game\vs-2017\worldmanager.cpp(6): warning C4067: unexpected tokens following preprocessor directive - expected a newline
c:\users\user\documents\github\new folder\dragonfly-spawn-game\vs-2017\worldmanager.cpp(8): warning C4067: unexpected tokens following preprocessor directive - expected a newline
c:\users\user\documents\github\new folder\dragonfly-spawn-game\vs-2017\worldmanager.cpp(9): warning C4067: unexpected tokens following preprocessor directive - expected a newline
c:\users\user\documents\github\new folder\dragonfly-spawn-game\vs-2017\worldmanager.cpp(10): warning C4067: unexpected tokens following preprocessor directive - expected a newline
c:\users\user\documents\github\new folder\dragonfly-spawn-game\vs-2017\worldmanager.cpp(11): warning C4067: unexpected tokens following preprocessor directive - expected a newline
c:\users\user\documents\github\new folder\dragonfly-spawn-game\vs-2017\worldmanager.cpp(12): warning C4067: unexpected tokens following preprocessor directive - expected a newline
c:\users\user\documents\github\new folder\dragonfly-spawn-game\vs-2017\player.h(8): warning C4067: unexpected tokens following preprocessor directive - expected a newline
c:\users\user\documents\github\new folder\dragonfly-spawn-game\vs-2017\player.h(10): warning C4305: 'initializing': truncation from 'double' to 'float'
c:\users\user\documents\github\new folder\dragonfly-spawn-game\vs-2017\player.h(11): warning C4305: 'initializing': truncation from 'double' to 'float'
c:\users\user\documents\github\new folder\dragonfly-spawn-game\vs-2017\player.h(12): warning C4305: 'initializing': truncation from 'double' to 'float'
c:\users\user\documents\github\new folder\dragonfly-spawn-game\vs-2017\player.h(13): warning C4305: 'initializing': truncation from 'double' to 'float'
  Generating Code...
game.obj : error LNK2019: unresolved external symbol "public: virtual __cdecl Exit::~Exit(void)" (??1Exit@@UEAA@XZ) referenced in function "public: virtual __cdecl LevelParser::~LevelParser(void)" (??1LevelParser@@UEAA@XZ)
LevelParser.obj : error LNK2001: unresolved external symbol "public: virtual __cdecl Exit::~Exit(void)" (??1Exit@@UEAA@XZ)
LevelParser.obj : error LNK2019: unresolved external symbol "public: __cdecl Exit::Exit(void)" (??0Exit@@QEAA@XZ) referenced in function "public: __cdecl LevelParser::LevelParser(void)" (??0LevelParser@@QEAA@XZ)
LevelParser.obj : error LNK2019: unresolved external symbol "public: __cdecl HorizontalWall::HorizontalWall(int)" (??0HorizontalWall@@QEAA@H@Z) referenced in function "public: void __cdecl LevelParser::parseHorizontalWall(class std::basic_ifstream<char,struct std::char_traits<char> > *,int *)" (?parseHorizontalWall@LevelParser@@QEAAXPEAV?$basic_ifstream@DU?$char_traits@D@std@@@std@@PEAH@Z)
LevelParser.obj : error LNK2019: unresolved external symbol "public: __cdecl VerticalWall::VerticalWall(int)" (??0VerticalWall@@QEAA@H@Z) referenced in function "public: void __cdecl LevelParser::parseVericalWall(class std::basic_ifstream<char,struct std::char_traits<char> > *,int *)" (?parseVericalWall@LevelParser@@QEAAXPEAV?$basic_ifstream@DU?$char_traits@D@std@@@std@@PEAH@Z)
LevelParser.obj : error LNK2019: unresolved external symbol "public: __cdecl MovingWall::MovingWall(int)" (??0MovingWall@@QEAA@H@Z) referenced in function "public: void __cdecl LevelParser::parseMovingWall(class std::basic_ifstream<char,struct std::char_traits<char> > *,int *)" (?parseMovingWall@LevelParser@@QEAAXPEAV?$basic_ifstream@DU?$char_traits@D@std@@@std@@PEAH@Z)
LevelParser.obj : error LNK2019: unresolved external symbol "public: void __cdecl MovingWall::setMultTriggers(int)" (?setMultTriggers@MovingWall@@QEAAXH@Z) referenced in function "public: void __cdecl LevelParser::parseMovingWall(class std::basic_ifstream<char,struct std::char_traits<char> > *,int *)" (?parseMovingWall@LevelParser@@QEAAXPEAV?$basic_ifstream@DU?$char_traits@D@std@@@std@@PEAH@Z)
LevelParser.obj : error LNK2019: unresolved external symbol "public: __cdecl Spring::Spring(float)" (??0Spring@@QEAA@M@Z) referenced in function "public: void __cdecl LevelParser::parseSpring(class std::basic_ifstream<char,struct std::char_traits<char> > *,int *)" (?parseSpring@LevelParser@@QEAAXPEAV?$basic_ifstream@DU?$char_traits@D@std@@@std@@PEAH@Z)
LevelParser.obj : error LNK2019: unresolved external symbol "public: __cdecl Belt::Belt(float)" (??0Belt@@QEAA@M@Z) referenced in function "public: void __cdecl LevelParser::parseBelt(class std::basic_ifstream<char,struct std::char_traits<char> > *,int *)" (?parseBelt@LevelParser@@QEAAXPEAV?$basic_ifstream@DU?$char_traits@D@std@@@std@@PEAH@Z)
LevelParser.obj : error LNK2019: unresolved external symbol "public: __cdecl GunEnemy::GunEnemy(int)" (??0GunEnemy@@QEAA@H@Z) referenced in function "public: void __cdecl LevelParser::parseGun(class std::basic_ifstream<char,struct std::char_traits<char> > *,int *)" (?parseGun@LevelParser@@QEAAXPEAV?$basic_ifstream@DU?$char_traits@D@std@@@std@@PEAH@Z)
LevelParser.obj : error LNK2019: unresolved external symbol "public: void __cdecl GunEnemy::emptyBullets(void)" (?emptyBullets@GunEnemy@@QEAAXXZ) referenced in function "public: void __cdecl LevelParser::unloadLevel(void)" (?unloadLevel@LevelParser@@QEAAXXZ)
LevelParser.obj : error LNK2019: unresolved external symbol "public: __cdecl TwoWayEnemy::TwoWayEnemy(void)" (??0TwoWayEnemy@@QEAA@XZ) referenced in function "public: void __cdecl LevelParser::parseTwoWay(class std::basic_ifstream<char,struct std::char_traits<char> > *,int *)" (?parseTwoWay@LevelParser@@QEAAXPEAV?$basic_ifstream@DU?$char_traits@D@std@@@std@@PEAH@Z)
LevelParser.obj : error LNK2019: unresolved external symbol "public: void __cdecl TwoWayEnemy::setRightPos(class df::Vector)" (?setRightPos@TwoWayEnemy@@QEAAXVVector@df@@@Z) referenced in function "public: void __cdecl LevelParser::parseTwoWay(class std::basic_ifstream<char,struct std::char_traits<char> > *,int *)" (?parseTwoWay@LevelParser@@QEAAXPEAV?$basic_ifstream@DU?$char_traits@D@std@@@std@@PEAH@Z)
LevelParser.obj : error LNK2019: unresolved external symbol "public: void __cdecl TwoWayEnemy::setLeftPos(class df::Vector)" (?setLeftPos@TwoWayEnemy@@QEAAXVVector@df@@@Z) referenced in function "public: void __cdecl LevelParser::parseTwoWay(class std::basic_ifstream<char,struct std::char_traits<char> > *,int *)" (?parseTwoWay@LevelParser@@QEAAXPEAV?$basic_ifstream@DU?$char_traits@D@std@@@std@@PEAH@Z)
Player.obj : error LNK2019: unresolved external symbol "public: __cdecl EventFirstLevel::EventFirstLevel(void)" (??0EventFirstLevel@@QEAA@XZ) referenced in function "private: void __cdecl Player::kbd(class df::EventKeyboard const *)" (?kbd@Player@@AEAAXPEBVEventKeyboard@df@@@Z)
Player.obj : error LNK2019: unresolved external symbol "public: __cdecl EventNextLevel::EventNextLevel(void)" (??0EventNextLevel@@QEAA@XZ) referenced in function "private: void __cdecl Player::kbd(class df::EventKeyboard const *)" (?kbd@Player@@AEAAXPEBVEventKeyboard@df@@@Z)
Player.obj : error LNK2019: unresolved external symbol "public: __cdecl EventReload::EventReload(void)" (??0EventReload@@QEAA@XZ) referenced in function "public: virtual int __cdecl Player::eventHandler(class df::Event const *)" (?eventHandler@Player@@UEAAHPEBVEvent@df@@@Z)
C:\Users\User\Documents\GitHub\New folder\Dragonfly-Spawn-Game\vs-2017\x64\Debug\dragonfly.exe : fatal error LNK1120: 16 unresolved externals
